<?xml version="1.0" encoding="UTF-8"?>
<testsuite name="com.capstone.backend.global.jwt.JwtUtilTest" tests="2" skipped="0" failures="0" errors="0" timestamp="2026-03-18T03:54:43.931Z" hostname="gimjun-won-ui-MacBookPro.local" time="0.003">
  <properties/>
  <testcase name="validateTokenReturnsFalseForTamperedToken()" classname="com.capstone.backend.global.jwt.JwtUtilTest" time="0.001"/>
  <testcase name="createTokenProducesValidTokenWithEmailSubject()" classname="com.capstone.backend.global.jwt.JwtUtilTest" time="0.001"/>
  <system-out><![CDATA[]]></system-out>
  <system-err><![CDATA[]]></system-err>
</testsuite>
