<?xml version="1.0" encoding="UTF-8"?>
<testsuite name="com.capstone.backend.controller.AuthControllerApiTest" tests="5" skipped="0" failures="0" errors="0" timestamp="2026-03-18T03:54:42.780Z" hostname="gimjun-won-ui-MacBookPro.local" time="1.144">
  <properties/>
  <testcase name="signupReturnsBadRequestForInvalidPayload()" classname="com.capstone.backend.controller.AuthControllerApiTest" time="0.086"/>
  <testcase name="loginReturnsAccessTokenJson()" classname="com.capstone.backend.controller.AuthControllerApiTest" time="0.027"/>
  <testcase name="meReturnsAuthenticatedEmailWithValidToken()" classname="com.capstone.backend.controller.AuthControllerApiTest" time="0.009"/>
  <testcase name="meReturnsUnauthorizedWithoutToken()" classname="com.capstone.backend.controller.AuthControllerApiTest" time="0.002"/>
  <testcase name="signupReturnsCreated()" classname="com.capstone.backend.controller.AuthControllerApiTest" time="0.003"/>
  <system-out><![CDATA[12:54:42.826 [Test worker] INFO org.springframework.test.context.support.AnnotationConfigContextLoaderUtils -- Could not detect default configuration classes for test class [com.capstone.backend.controller.AuthControllerApiTest]: AuthControllerApiTest does not declare any static, non-private, non-final, nested classes annotated with @Configuration.
12:54:42.875 [Test worker] INFO org.springframework.boot.test.context.SpringBootTestContextBootstrapper -- Found @SpringBootConfiguration com.capstone.backend.BackendApplication for test class com.capstone.backend.controller.AuthControllerApiTest

  .   ____          _            __ _ _
 /\\ / ___'_ __ _ _(_)_ __  __ _ \ \ \ \
( ( )\___ | '_ | '_| | '_ \/ _` | \ \ \ \
 \\/  ___)| |_)| | | | | || (_| |  ) ) ) )
  '  |____| .__|_| |_|_| |_\__, | / / / /
 =========|_|==============|___/=/_/_/_/

 :: Spring Boot ::               (v3.5.11)

2026-03-18T12:54:43.015+09:00  INFO 52455 --- [backend] [    Test worker] c.c.b.controller.AuthControllerApiTest   : Starting AuthControllerApiTest using Java 17.0.17 with PID 52455 (started by gimjun-won in /Users/gimjun-won/Desktop/backend_git)
2026-03-18T12:54:43.016+09:00  INFO 52455 --- [backend] [    Test worker] c.c.b.controller.AuthControllerApiTest   : No active profile set, falling back to 1 default profile: "default"
2026-03-18T12:54:43.688+09:00  WARN 52455 --- [backend] [    Test worker] .s.s.UserDetailsServiceAutoConfiguration : 

Using generated security password: a46cc0bb-25d9-434d-bf0d-291a95e8f953

This generated password is for development use only. Your security configuration must be updated before running your application in production.

2026-03-18T12:54:43.691+09:00  INFO 52455 --- [backend] [    Test worker] r$InitializeUserDetailsManagerConfigurer : Global AuthenticationManager configured with UserDetailsService bean with name inMemoryUserDetailsManager
2026-03-18T12:54:43.775+09:00  INFO 52455 --- [backend] [    Test worker] o.s.b.t.m.w.SpringBootMockServletContext : Initializing Spring TestDispatcherServlet ''
2026-03-18T12:54:43.775+09:00  INFO 52455 --- [backend] [    Test worker] o.s.t.web.servlet.TestDispatcherServlet  : Initializing Servlet ''
2026-03-18T12:54:43.776+09:00  INFO 52455 --- [backend] [    Test worker] o.s.t.web.servlet.TestDispatcherServlet  : Completed initialization in 1 ms
2026-03-18T12:54:43.791+09:00  INFO 52455 --- [backend] [    Test worker] c.c.b.controller.AuthControllerApiTest   : Started AuthControllerApiTest in 0.885 seconds (process running for 1.31)
]]></system-out>
  <system-err><![CDATA[]]></system-err>
</testsuite>
