<?xml version="1.0" encoding="UTF-8"?>
<testsuite name="com.capstone.backend.service.AuthServiceTest" tests="3" skipped="0" failures="0" errors="0" timestamp="2026-03-18T03:54:43.936Z" hostname="gimjun-won-ui-MacBookPro.local" time="0.434">
  <properties/>
  <testcase name="loginFailsForWrongPassword()" classname="com.capstone.backend.service.AuthServiceTest" time="0.189"/>
  <testcase name="loginReturnsJwtForMatchingCredentials()" classname="com.capstone.backend.service.AuthServiceTest" time="0.13"/>
  <testcase name="signupEncodesPasswordBeforeSaving()" classname="com.capstone.backend.service.AuthServiceTest" time="0.115"/>
  <system-out><![CDATA[]]></system-out>
  <system-err><![CDATA[]]></system-err>
</testsuite>
